TN:
SF:src\services\conversion.ts
FN:1,convert
FN:18,convertLength
FN:32,convertTemperature
FN:51,convertWeight
FN:62,convertVolume
FNF:5
FNH:5
FNDA:9,convert
FNDA:3,convertLength
FNDA:3,convertTemperature
FNDA:2,convertWeight
FNDA:1,convertVolume
DA:2,9
DA:4,9
DA:6,3
DA:8,3
DA:10,2
DA:12,1
DA:14,0
DA:19,3
DA:28,3
DA:29,3
DA:33,3
DA:34,2
DA:35,0
DA:38,1
DA:39,1
DA:40,1
DA:43,0
DA:44,0
DA:45,0
DA:48,0
DA:52,2
DA:58,2
DA:59,2
DA:63,1
DA:68,1
DA:69,1
LF:26
LH:20
BRDA:2,0,0,0
BRDA:4,1,0,3
BRDA:4,1,1,3
BRDA:4,1,2,2
BRDA:4,1,3,1
BRDA:4,1,4,0
BRDA:33,2,0,2
BRDA:34,3,0,2
BRDA:35,4,0,0
BRDA:38,5,0,1
BRDA:39,6,0,0
BRDA:40,7,0,1
BRDA:43,8,0,0
BRDA:44,9,0,0
BRDA:45,10,0,0
BRF:15
BRH:8
end_of_record
TN:
SF:src\services\currencyApi.ts
FN:4,getExchangeRate
FNF:1
FNH:1
FNDA:3,getExchangeRate
DA:1,1
DA:2,1
DA:5,3
DA:7,2
DA:8,2
DA:10,2
DA:15,2
DA:16,4
DA:17,4
DA:18,3
DA:20,0
DA:21,0
DA:22,0
DA:25,1
DA:29,2
LF:15
LH:12
BRDA:5,0,0,1
BRDA:18,1,0,3
BRDA:21,2,0,0
BRDA:21,3,0,0
BRDA:21,3,1,0
BRF:5
BRH:2
end_of_record
TN:
SF:src\services\favorites.ts
FN:3,getFavorites
FN:8,addFavorite
FN:16,removeFavorite
FN:18,(anonymous_3)
FN:26,isFavorite
FN:28,(anonymous_5)
FNF:6
FNH:6
FNDA:17,getFavorites
FNDA:5,addFavorite
FNDA:1,removeFavorite
FNDA:1,(anonymous_3)
FNDA:7,isFavorite
FNDA:2,(anonymous_5)
DA:1,1
DA:4,17
DA:5,17
DA:9,5
DA:10,5
DA:11,4
DA:12,4
DA:17,1
DA:18,1
DA:19,1
DA:23,1
DA:27,7
DA:28,7
DA:29,2
LF:14
LH:14
BRDA:5,0,0,8
BRDA:5,0,1,9
BRDA:10,1,0,4
BRDA:19,2,0,1
BRDA:19,2,1,1
BRDA:19,2,2,1
BRDA:29,3,0,2
BRDA:29,3,1,2
BRDA:29,3,2,2
BRF:9
BRH:9
end_of_record
TN:
SF:src\services\history.ts
FN:13,getHistory
FN:18,addToHistory
FN:29,clearHistory
FNF:3
FNH:3
FNDA:21,getHistory
FNDA:17,addToHistory
FNDA:1,clearHistory
DA:1,1
DA:2,1
DA:14,21
DA:15,21
DA:19,17
DA:20,17
DA:22,17
DA:23,5
DA:26,17
DA:30,1
LF:10
LH:10
BRDA:15,0,0,17
BRDA:15,0,1,4
BRDA:22,1,0,5
BRF:3
BRH:3
end_of_record
