TN:
SF:src\services\conversion.ts
FN:1,convert
FN:18,convertLength
FN:32,convertTemperature
FN:51,convertWeight
FN:62,convertVolume
FNF:5
FNH:0
FNDA:0,convert
FNDA:0,convertLength
FNDA:0,convertTemperature
FNDA:0,convertWeight
FNDA:0,convertVolume
DA:2,0
DA:4,0
DA:6,0
DA:8,0
DA:10,0
DA:12,0
DA:14,0
DA:19,0
DA:28,0
DA:29,0
DA:33,0
DA:34,0
DA:35,0
DA:38,0
DA:39,0
DA:40,0
DA:43,0
DA:44,0
DA:45,0
DA:48,0
DA:52,0
DA:58,0
DA:59,0
DA:63,0
DA:68,0
DA:69,0
LF:26
LH:0
BRDA:2,0,0,0
BRDA:4,1,0,0
BRDA:4,1,1,0
BRDA:4,1,2,0
BRDA:4,1,3,0
BRDA:4,1,4,0
BRDA:33,2,0,0
BRDA:34,3,0,0
BRDA:35,4,0,0
BRDA:38,5,0,0
BRDA:39,6,0,0
BRDA:40,7,0,0
BRDA:43,8,0,0
BRDA:44,9,0,0
BRDA:45,10,0,0
BRF:15
BRH:0
end_of_record
TN:
SF:src\services\currencyApi.ts
FN:3,getExchangeRate
FNF:1
FNH:0
FNDA:0,getExchangeRate
DA:1,0
DA:4,0
DA:6,0
DA:7,0
DA:8,0
DA:9,0
DA:10,0
DA:11,0
DA:13,0
DA:14,0
LF:10
LH:0
BRDA:4,0,0,0
BRF:1
BRH:0
end_of_record
TN:
SF:src\services\favorites.ts
FN:3,getFavorites
FN:8,addFavorite
FN:16,removeFavorite
FN:18,(anonymous_3)
FN:26,isFavorite
FN:28,(anonymous_5)
FNF:6
FNH:0
FNDA:0,getFavorites
FNDA:0,addFavorite
FNDA:0,removeFavorite
FNDA:0,(anonymous_3)
FNDA:0,isFavorite
FNDA:0,(anonymous_5)
DA:1,0
DA:4,0
DA:5,0
DA:9,0
DA:10,0
DA:11,0
DA:12,0
DA:17,0
DA:18,0
DA:19,0
DA:23,0
DA:27,0
DA:28,0
DA:29,0
LF:14
LH:0
BRDA:5,0,0,0
BRDA:5,0,1,0
BRDA:10,1,0,0
BRDA:19,2,0,0
BRDA:19,2,1,0
BRDA:19,2,2,0
BRDA:29,3,0,0
BRDA:29,3,1,0
BRDA:29,3,2,0
BRF:9
BRH:0
end_of_record
TN:
SF:src\services\history.ts
FN:13,getHistory
FN:18,addToHistory
FN:29,clearHistory
FNF:3
FNH:0
FNDA:0,getHistory
FNDA:0,addToHistory
FNDA:0,clearHistory
DA:1,0
DA:2,0
DA:14,0
DA:15,0
DA:19,0
DA:20,0
DA:22,0
DA:23,0
DA:26,0
DA:30,0
LF:10
LH:0
BRDA:15,0,0,0
BRDA:15,0,1,0
BRDA:22,1,0,0
BRF:3
BRH:0
end_of_record
